13:08:15 **** Build of configuration Debug for project Dennison ****
make all 
Building file: ../BankAccount.cpp
Invoking: GCC C++ Compiler
g++ -O0 -g3 -Wall -c -fmessage-length=0 -MMD -MP -MF"BankAccount.d" -MT"BankAccount.d" -o "BankAccount.o" "../BankAccount.cpp"
In file included from ../BankAccount.cpp:5:0:
../BankAccount.h:48:16: warning: non-static data member initializers only available with -std=c++11 or -std=gnu++11
  MONTH month = JANUARY;
                ^
Finished building: ../BankAccount.cpp
 
Building file: ../SavingsAccount.cpp
Invoking: GCC C++ Compiler
g++ -O0 -g3 -Wall -c -fmessage-length=0 -MMD -MP -MF"SavingsAccount.d" -MT"SavingsAccount.d" -o "SavingsAccount.o" "../SavingsAccount.cpp"
In file included from ../SavingsAccount.cpp:5:0:
../BankAccount.h:48:16: warning: non-static data member initializers only available with -std=c++11 or -std=gnu++11
  MONTH month = JANUARY;
                ^
Finished building: ../SavingsAccount.cpp
 
Building file: ../main.cpp
Invoking: GCC C++ Compiler
g++ -O0 -g3 -Wall -c -fmessage-length=0 -MMD -MP -MF"main.d" -MT"main.d" -o "main.o" "../main.cpp"
In file included from ../main.cpp:18:0:
../BankAccount.h:48:16: warning: non-static data member initializers only available with -std=c++11 or -std=gnu++11
  MONTH month = JANUARY;
                ^
Finished building: ../main.cpp
 
Building target: Dennison
Invoking: GCC C++ Linker
g++  -o "Dennison"  ./BankAccount.o ./SavingsAccount.o ./main.o   
Finished building target: Dennison
 
13:08:29 **** Incremental Build of configuration Debug for project Dennison ****
make all 
make: Nothing to be done for 'all'.
13:20:02 **** Clean-only build of configuration Debug for project Dennison_Assignment7 ****
make clean 
rm -rf  ./BankAccount.o ./SavingsAccount.o ./main.o  ./BankAccount.d ./SavingsAccount.d ./main.d  Dennison_Assignment7
 
13:20:02 **** Build of configuration Debug for project Dennison_Assignment7 ****
make all 
Building file: ../BankAccount.cpp
Invoking: GCC C++ Compiler
g++ -std=c++0x -O0 -g3 -Wall -c -fmessage-length=0 -MMD -MP -MF"BankAccount.d" -MT"BankAccount.d" -o "BankAccount.o" "../BankAccount.cpp"
Finished building: ../BankAccount.cpp
 
Building file: ../SavingsAccount.cpp
Invoking: GCC C++ Compiler
g++ -std=c++0x -O0 -g3 -Wall -c -fmessage-length=0 -MMD -MP -MF"SavingsAccount.d" -MT"SavingsAccount.d" -o "SavingsAccount.o" "../SavingsAccount.cpp"
Finished building: ../SavingsAccount.cpp
 
Building file: ../main.cpp
Invoking: GCC C++ Compiler
g++ -std=c++0x -O0 -g3 -Wall -c -fmessage-length=0 -MMD -MP -MF"main.d" -MT"main.d" -o "main.o" "../main.cpp"
Finished building: ../main.cpp
 
Building target: Dennison_Assignment7
Invoking: GCC C++ Linker
g++  -o "Dennison_Assignment7"  ./BankAccount.o ./SavingsAccount.o ./main.o   
Finished building target: Dennison_Assignment7
 
